0 verbose cli /usr/bin/node /usr/lib/node_modules/npm/bin/npm-cli.js
1 info using npm@9.1.3
2 info using node@v16.18.1
3 timing npm:load:whichnode Completed in 1ms
4 timing config:load:defaults Completed in 1ms
5 timing config:load:file:/usr/lib/node_modules/npm/npmrc Completed in 0ms
6 timing config:load:builtin Completed in 1ms
7 timing config:load:cli Completed in 5ms
8 timing config:load:env Completed in 1ms
9 timing config:load:file:/cocalc/src/packages/project/.npmrc Completed in 0ms
10 timing config:load:project Completed in 15ms
11 timing config:load:file:/projects/edd1874b-535e-4ea0-8897-aa8a85e79c89/.npmrc Completed in 4ms
12 timing config:load:user Completed in 4ms
13 timing config:load:file:/usr/etc/npmrc Completed in 0ms
14 timing config:load:global Completed in 0ms
15 timing config:load:setEnvs Completed in 1ms
16 timing config:load Completed in 28ms
17 timing npm:load:configload Completed in 28ms
18 timing npm:load:mkdirpcache Completed in 0ms
19 timing npm:load:mkdirplogs Completed in 0ms
20 verbose title npm exec cocalc-project --daemon --init project_init.sh
21 verbose argv "exec" "--" "cocalc-project" "--daemon" "--init" "project_init.sh"
22 timing npm:load:setTitle Completed in 1ms
23 timing config:load:flatten Completed in 2ms
24 timing npm:load:display Completed in 3ms
25 verbose logfile logs-max:10 dir:/projects/edd1874b-535e-4ea0-8897-aa8a85e79c89/.npm/_logs/2022-12-25T01_23_01_969Z-
26 verbose logfile /projects/edd1874b-535e-4ea0-8897-aa8a85e79c89/.npm/_logs/2022-12-25T01_23_01_969Z-debug-0.log
27 timing npm:load:logFile Completed in 4ms
28 timing npm:load:timers Completed in 0ms
29 timing npm:load:configScope Completed in 0ms
30 timing npm:load Completed in 38ms
31 silly logfile done cleaning log files
32 timing config:load:flatten Completed in 0ms
33 timing arborist:ctor Completed in 1ms
34 verbose shrinkwrap failed to load node_modules/.package-lock.json out of date, updated: ../backend
35 http fetch GET 200 https://registry.npmjs.org/npm 4837ms (cache miss)
36 timing arborist:ctor Completed in 0ms
37 timing arborist:ctor Completed in 0ms
38 timing idealTree:init Completed in 3ms
39 timing idealTree:userRequests Completed in 1ms
40 silly idealTree buildDeps
41 silly placeDep ROOT @cocalc/project@1.34.0 OK for:  want: file:../../../../../cocalc/src/packages/project
42 timing idealTree:#root Completed in 4ms
43 timing idealTree:node_modules/@cocalc/project Completed in 0ms
44 timing idealTree:buildDeps Completed in 6ms
45 timing idealTree:fixDepFlags Completed in 0ms
46 timing idealTree Completed in 11ms
47 timing reify:loadTrees Completed in 11ms
48 timing reify:diffTrees Completed in 1ms
49 silly reify moves {}
50 timing reify:retireShallow Completed in 0ms
51 timing reify:createSparse Completed in 0ms
52 timing reify:loadBundles Completed in 0ms
53 silly audit bulk request { '@cocalc/project': [ '1.34.0' ] }
54 timing reifyNode:node_modules/@cocalc/project Completed in 4ms
55 timing reify:unpack Completed in 5ms
56 timing reify:unretire Completed in 0ms
57 timing build:queue Completed in 0ms
58 timing build:deps Completed in 1ms
59 timing build:queue Completed in 0ms
60 timing reify:rollback:createSparse Completed in 0ms
61 timing reify:rollback:retireShallow Completed in 0ms
62 timing command:exec Completed in 5268ms
63 notice
63 notice New minor version of npm available! 9.1.3 -> 9.2.0
63 notice Changelog: <https://github.com/npm/cli/releases/tag/v9.2.0>
63 notice Run `npm install -g npm@9.2.0` to update!
63 notice
64 verbose stack Error: EPERM: operation not permitted, chmod '/projects/npm_***/.npm/_npx/1386b3d40c4c66ff/node_modules/@cocalc/project/bin/cocalc-project.js'
65 verbose cwd /cocalc/src/packages/project
66 verbose Linux 5.4.0-1030-aws
67 verbose node v16.18.1
68 verbose npm  v9.1.3
69 error code EPERM
70 error syscall chmod
71 error path /projects/edd1874b-535e-4ea0-8897-aa8a85e79c89/.npm/_npx/1386b3d40c4c66ff/node_modules/@cocalc/project/bin/cocalc-project.js
72 error errno -1
73 verbose Error: EPERM: operation not permitted, chmod '/projects/npm_***/.npm/_npx/1386b3d40c4c66ff/node_modules/@cocalc/project/bin/cocalc-project.js'
74 error
74 error Your cache folder contains root-owned files, due to a bug in
74 error previous versions of npm which has since been addressed.
74 error
74 error To permanently fix this problem, please run:
74 error   sudo chown -R 89996664:89996664 "/projects/edd1874b-535e-4ea0-8897-aa8a85e79c89/.npm"
75 verbose exit -1
76 timing npm Completed in 5328ms
77 verbose unfinished npm timer reify 1671931387270
78 verbose unfinished npm timer reify:audit 1671931387284
79 verbose unfinished npm timer auditReport:getReport 1671931387284
80 verbose unfinished npm timer reify:build 1671931387292
81 verbose unfinished npm timer build 1671931387292
82 verbose unfinished npm timer build:links 1671931387293
83 verbose unfinished npm timer build:link 1671931387293
84 verbose unfinished npm timer build:link:node_modules/@cocalc/project 1671931387293
85 verbose code -1
86 error A complete log of this run can be found in:
86 error     /projects/edd1874b-535e-4ea0-8897-aa8a85e79c89/.npm/_logs/2022-12-25T01_23_01_969Z-debug-0.log
